e:\github\source\lobby_server\x64\debug\lobby_server.pch
e:\github\source\lobby_server\x64\debug\vc140.pdb
e:\github\source\lobby_server\x64\debug\vc140.idb
e:\github\source\lobby_server\x64\debug\stdafx.obj
e:\github\source\lobby_server\x64\debug\acceptor.obj
e:\github\source\lobby_server\x64\debug\act.obj
e:\github\source\lobby_server\x64\debug\clientmanager.obj
e:\github\source\lobby_server\x64\debug\croom.obj
e:\github\source\lobby_server\x64\debug\croom_manager.obj
e:\github\source\lobby_server\x64\debug\cworld.obj
e:\github\source\lobby_server\x64\debug\disconnector.obj
e:\github\source\lobby_server\x64\debug\lobby_server.obj
e:\github\source\lobby_server\x64\debug\mysql.obj
e:\github\source\lobby_server\x64\debug\network.obj
e:\github\source\lobby_server\x64\debug\object.obj
e:\github\source\lobby_server\x64\debug\receiver.obj
e:\github\source\lobby_server\x64\debug\redis.obj
e:\github\source\lobby_server\x64\debug\sender.obj
e:\github\source\lobby_server\x64\debug\simplerpcclient.obj
e:\github\source\lobby_server\x64\debug\tcpact.obj
e:\github\source\lobby_server\x64\debug\tcplistensocket.obj
e:\github\source\lobby_server\x64\debug\tcpsocket.obj
e:\github\source\lobby_server\x64\debug\userlobby.obj
e:\github\source\lobby_server\x64\debug\objectcard.obj
e:\github\source\x64\debug\lobby_server.ilk
e:\github\source\x64\debug\lobby_server.exe
e:\github\source\x64\debug\lobby_server.pdb
e:\github\source\x64\debug\lobby_server.lib
e:\github\source\x64\debug\lobby_server.exp
e:\github\source\lobby_server\x64\debug\testdll2.tlh
e:\github\source\lobby_server\x64\debug\test_dll.tlh
e:\github\source\lobby_server\x64\debug\lobby_server.tlog\cl.command.1.tlog
e:\github\source\lobby_server\x64\debug\lobby_server.tlog\cl.read.1.tlog
e:\github\source\lobby_server\x64\debug\lobby_server.tlog\cl.write.1.tlog
e:\github\source\lobby_server\x64\debug\lobby_server.tlog\link.command.1.tlog
e:\github\source\lobby_server\x64\debug\lobby_server.tlog\link.read.1.tlog
e:\github\source\lobby_server\x64\debug\lobby_server.tlog\link.write.1.tlog
e:\github\source\lobby_server\x64\debug\lobby_server.tlog\lobby_server.write.1u.tlog
