C:\Program Files (x86)\MSBuild\Microsoft.Cpp\v4.0\V140\Microsoft.CppClean.targets(76,5): warning : 'e:\github\source\contextswitch\x64\debug\contextswitch.pch' 파일은 다른 프로세스에서 사용 중이므로 프로세스에서 액세스할 수 없습니다.
  stdafx.cpp
  UserLobby.cpp
e:\github\source\contextswitch\object.h(115): warning C4267: '인수': 'size_t'에서 'int'(으)로 변환하면서 데이터가 손실될 수 있습니다.
e:\github\source\contextswitch\object.h(127): warning C4267: '인수': 'size_t'에서 'int'(으)로 변환하면서 데이터가 손실될 수 있습니다.
e:\github\source\contextswitch\object.h(139): warning C4267: '인수': 'size_t'에서 'int'(으)로 변환하면서 데이터가 손실될 수 있습니다.
  TcpSocket.cpp
  TcpListenSocket.cpp
  TcpAct.cpp
  Sender.cpp
  redis.cpp
e:\github\source\contextswitch\object.h(115): warning C4267: '인수': 'size_t'에서 'int'(으)로 변환하면서 데이터가 손실될 수 있습니다.
e:\github\source\contextswitch\object.h(127): warning C4267: '인수': 'size_t'에서 'int'(으)로 변환하면서 데이터가 손실될 수 있습니다.
e:\github\source\contextswitch\object.h(139): warning C4267: '인수': 'size_t'에서 'int'(으)로 변환하면서 데이터가 손실될 수 있습니다.
  Receiver.cpp
  pcMonster.cpp
  ObjManager.cpp
e:\github\source\contextswitch\object.h(115): warning C4267: '인수': 'size_t'에서 'int'(으)로 변환하면서 데이터가 손실될 수 있습니다.
e:\github\source\contextswitch\object.h(127): warning C4267: '인수': 'size_t'에서 'int'(으)로 변환하면서 데이터가 손실될 수 있습니다.
e:\github\source\contextswitch\object.h(139): warning C4267: '인수': 'size_t'에서 'int'(으)로 변환하면서 데이터가 손실될 수 있습니다.
  Object.cpp
e:\github\source\contextswitch\object.h(115): warning C4267: '인수': 'size_t'에서 'int'(으)로 변환하면서 데이터가 손실될 수 있습니다.
e:\github\source\contextswitch\object.h(127): warning C4267: '인수': 'size_t'에서 'int'(으)로 변환하면서 데이터가 손실될 수 있습니다.
e:\github\source\contextswitch\object.h(139): warning C4267: '인수': 'size_t'에서 'int'(으)로 변환하면서 데이터가 손실될 수 있습니다.
  network.cpp
e:\github\source\contextswitch\object.h(115): warning C4267: '인수': 'size_t'에서 'int'(으)로 변환하면서 데이터가 손실될 수 있습니다.
e:\github\source\contextswitch\object.h(127): warning C4267: '인수': 'size_t'에서 'int'(으)로 변환하면서 데이터가 손실될 수 있습니다.
e:\github\source\contextswitch\object.h(139): warning C4267: '인수': 'size_t'에서 'int'(으)로 변환하면서 데이터가 손실될 수 있습니다.
e:\github\source\contextswitch\network.cpp(51): warning C4244: '초기화 중': 'SOCKET'에서 'int'(으)로 변환하면서 데이터가 손실될 수 있습니다.
  Mysql.cpp
  Disconnector.cpp
  Cworld.cpp
  Croom_manager.cpp
e:\github\source\contextswitch\object.h(115): warning C4267: '인수': 'size_t'에서 'int'(으)로 변환하면서 데이터가 손실될 수 있습니다.
e:\github\source\contextswitch\object.h(127): warning C4267: '인수': 'size_t'에서 'int'(으)로 변환하면서 데이터가 손실될 수 있습니다.
e:\github\source\contextswitch\object.h(139): warning C4267: '인수': 'size_t'에서 'int'(으)로 변환하면서 데이터가 손실될 수 있습니다.
  Croom.cpp
e:\github\source\contextswitch\object.h(115): warning C4267: '인수': 'size_t'에서 'int'(으)로 변환하면서 데이터가 손실될 수 있습니다.
e:\github\source\contextswitch\object.h(127): warning C4267: '인수': 'size_t'에서 'int'(으)로 변환하면서 데이터가 손실될 수 있습니다.
e:\github\source\contextswitch\object.h(139): warning C4267: '인수': 'size_t'에서 'int'(으)로 변환하면서 데이터가 손실될 수 있습니다.
e:\github\source\contextswitch\croom.cpp(115): warning C4267: '=': 'size_t'에서 'int'(으)로 변환하면서 데이터가 손실될 수 있습니다.
  contextSwitch.cpp
e:\github\source\contextswitch\object.h(115): warning C4267: '인수': 'size_t'에서 'int'(으)로 변환하면서 데이터가 손실될 수 있습니다.
e:\github\source\contextswitch\object.h(127): warning C4267: '인수': 'size_t'에서 'int'(으)로 변환하면서 데이터가 손실될 수 있습니다.
e:\github\source\contextswitch\object.h(139): warning C4267: '인수': 'size_t'에서 'int'(으)로 변환하면서 데이터가 손실될 수 있습니다.
  ClientManager.cpp
e:\github\source\contextswitch\object.h(115): warning C4267: '인수': 'size_t'에서 'int'(으)로 변환하면서 데이터가 손실될 수 있습니다.
e:\github\source\contextswitch\object.h(127): warning C4267: '인수': 'size_t'에서 'int'(으)로 변환하면서 데이터가 손실될 수 있습니다.
e:\github\source\contextswitch\object.h(139): warning C4267: '인수': 'size_t'에서 'int'(으)로 변환하면서 데이터가 손실될 수 있습니다.
e:\github\source\contextswitch\clientmanager.cpp(631): warning C4244: '=': 'SOCKET'에서 'int'(으)로 변환하면서 데이터가 손실될 수 있습니다.
e:\github\source\contextswitch\clientmanager.cpp(686): warning C4244: '인수': 'SOCKET'에서 'int'(으)로 변환하면서 데이터가 손실될 수 있습니다.
  Act.cpp
e:\github\source\contextswitch\object.h(115): warning C4267: '인수': 'size_t'에서 'int'(으)로 변환하면서 데이터가 손실될 수 있습니다.
e:\github\source\contextswitch\object.h(127): warning C4267: '인수': 'size_t'에서 'int'(으)로 변환하면서 데이터가 손실될 수 있습니다.
e:\github\source\contextswitch\object.h(139): warning C4267: '인수': 'size_t'에서 'int'(으)로 변환하면서 데이터가 손실될 수 있습니다.
e:\github\source\contextswitch\act.cpp(29): warning C4244: '인수': 'SOCKET'에서 'int'(으)로 변환하면서 데이터가 손실될 수 있습니다.
e:\github\source\contextswitch\act.cpp(40): warning C4311: '형식 캐스팅': 'SOCKETINFO *'에서 'DWORD'(으)로 포인터가 잘립니다.
e:\github\source\contextswitch\act.cpp(40): warning C4302: '형식 캐스팅': 'SOCKETINFO *'에서 'DWORD'(으)로 잘립니다.
e:\github\source\contextswitch\act.cpp(26): warning C4477: 'printf' : 서식 문자열 '%d'에 'int' 형식의 인수가 필요하지만 variadic 인수 1의 형식이 'SOCKET'입니다.
  e:\github\source\contextswitch\act.cpp(26): note: 서식 문자열에서 '%lld'을(를) 사용하는 것이 좋습니다.
  e:\github\source\contextswitch\act.cpp(26): note: 서식 문자열에서 '%Id'을(를) 사용하는 것이 좋습니다.
  e:\github\source\contextswitch\act.cpp(26): note: 서식 문자열에서 '%I64d'을(를) 사용하는 것이 좋습니다.
e:\github\source\contextswitch\act.cpp(113): warning C4244: '인수': 'SOCKET'에서 'int'(으)로 변환하면서 데이터가 손실될 수 있습니다.
e:\github\source\contextswitch\act.cpp(109): warning C4477: 'printf' : 서식 문자열 '%d'에 'int' 형식의 인수가 필요하지만 variadic 인수 1의 형식이 'SOCKET'입니다.
  e:\github\source\contextswitch\act.cpp(109): note: 서식 문자열에서 '%lld'을(를) 사용하는 것이 좋습니다.
  e:\github\source\contextswitch\act.cpp(109): note: 서식 문자열에서 '%Id'을(를) 사용하는 것이 좋습니다.
  e:\github\source\contextswitch\act.cpp(109): note: 서식 문자열에서 '%I64d'을(를) 사용하는 것이 좋습니다.
e:\github\source\contextswitch\act.cpp(131): warning C4477: 'printf' : 서식 문자열 '%d'에 'int' 형식의 인수가 필요하지만 variadic 인수 1의 형식이 'SOCKET'입니다.
  e:\github\source\contextswitch\act.cpp(131): note: 서식 문자열에서 '%lld'을(를) 사용하는 것이 좋습니다.
  e:\github\source\contextswitch\act.cpp(131): note: 서식 문자열에서 '%Id'을(를) 사용하는 것이 좋습니다.
  e:\github\source\contextswitch\act.cpp(131): note: 서식 문자열에서 '%I64d'을(를) 사용하는 것이 좋습니다.
  Acceptor.cpp
  코드를 생성하고 있습니다...
  contextSwitch.vcxproj -> E:\GitHub\source\x64\Debug\contextSwitch.exe
