  UserLobby.cpp
e:\github\source\lobby_server\object.h(112): error C2065: 'cout': 선언되지 않은 식별자입니다.
e:\github\source\lobby_server\object.h(112): error C2065: 'endl': 선언되지 않은 식별자입니다.
e:\github\source\lobby_server\object.h(113): error C2065: 'cout': 선언되지 않은 식별자입니다.
e:\github\source\lobby_server\object.h(114): error C2065: 'cout': 선언되지 않은 식별자입니다.
e:\github\source\lobby_server\object.h(114): error C2065: 'endl': 선언되지 않은 식별자입니다.
e:\github\source\lobby_server\object.h(115): error C2065: 'cout': 선언되지 않은 식별자입니다.
e:\github\source\lobby_server\object.h(115): error C2065: 'endl': 선언되지 않은 식별자입니다.
e:\github\source\lobby_server\object.h(116): error C2065: 'cout': 선언되지 않은 식별자입니다.
e:\github\source\lobby_server\object.h(116): error C2065: 'endl': 선언되지 않은 식별자입니다.
e:\github\source\lobby_server\object.h(117): error C2065: 'cout': 선언되지 않은 식별자입니다.
e:\github\source\lobby_server\object.h(117): error C2065: 'endl': 선언되지 않은 식별자입니다.
e:\github\source\lobby_server\object.h(136): error C2065: 'cout': 선언되지 않은 식별자입니다.
e:\github\source\lobby_server\object.h(136): error C2065: 'endl': 선언되지 않은 식별자입니다.
  TcpSocket.cpp
  TcpListenSocket.cpp
  TcpAct.cpp
  SimpleRpcClient.cpp
e:\github\source\lobby_server\simplerpcclient.h(3): fatal error C1083: 포함 파일을 열 수 없습니다. 'SimpleAmqpClient/BasicMessage.h': No such file or directory
  Sender.cpp
e:\github\source\lobby_server\sender.h(12): error C3861: 'assert': 식별자를 찾을 수 없습니다.
e:\github\source\lobby_server\sender.h(14): error C3861: 'assert': 식별자를 찾을 수 없습니다.
e:\github\source\lobby_server\sender.h(19): error C3861: 'assert': 식별자를 찾을 수 없습니다.
e:\github\source\lobby_server\sender.h(21): error C3861: 'assert': 식별자를 찾을 수 없습니다.
  redis.cpp
e:\github\source\lobby_server\object.h(112): error C2065: 'cout': 선언되지 않은 식별자입니다.
e:\github\source\lobby_server\object.h(112): error C2065: 'endl': 선언되지 않은 식별자입니다.
e:\github\source\lobby_server\object.h(113): error C2065: 'cout': 선언되지 않은 식별자입니다.
e:\github\source\lobby_server\object.h(114): error C2065: 'cout': 선언되지 않은 식별자입니다.
e:\github\source\lobby_server\object.h(114): error C2065: 'endl': 선언되지 않은 식별자입니다.
e:\github\source\lobby_server\object.h(115): error C2065: 'cout': 선언되지 않은 식별자입니다.
e:\github\source\lobby_server\object.h(115): error C2065: 'endl': 선언되지 않은 식별자입니다.
e:\github\source\lobby_server\object.h(116): error C2065: 'cout': 선언되지 않은 식별자입니다.
e:\github\source\lobby_server\object.h(116): error C2065: 'endl': 선언되지 않은 식별자입니다.
e:\github\source\lobby_server\object.h(117): error C2065: 'cout': 선언되지 않은 식별자입니다.
e:\github\source\lobby_server\object.h(117): error C2065: 'endl': 선언되지 않은 식별자입니다.
e:\github\source\lobby_server\object.h(136): error C2065: 'cout': 선언되지 않은 식별자입니다.
e:\github\source\lobby_server\object.h(136): error C2065: 'endl': 선언되지 않은 식별자입니다.
e:\github\source\lobby_server\clientmanager.h(18): error C2143: 구문 오류: ';'이(가) '<' 앞에 없습니다.
e:\github\source\lobby_server\clientmanager.h(18): error C4430: 형식 지정자가 없습니다. int로 가정합니다. 참고: C++에서는 기본 int를 지원하지 않습니다.
e:\github\source\lobby_server\clientmanager.h(18): error C2238: ';' 앞에 예기치 않은 토큰이 있습니다.
e:\github\source\lobby_server\clientmanager.h(19): error C2143: 구문 오류: ';'이(가) '<' 앞에 없습니다.
e:\github\source\lobby_server\clientmanager.h(19): error C4430: 형식 지정자가 없습니다. int로 가정합니다. 참고: C++에서는 기본 int를 지원하지 않습니다.
e:\github\source\lobby_server\clientmanager.h(19): error C2238: ';' 앞에 예기치 않은 토큰이 있습니다.
e:\github\source\lobby_server\clientmanager.h(20): error C2143: 구문 오류: ';'이(가) '<' 앞에 없습니다.
e:\github\source\lobby_server\clientmanager.h(20): error C4430: 형식 지정자가 없습니다. int로 가정합니다. 참고: C++에서는 기본 int를 지원하지 않습니다.
e:\github\source\lobby_server\clientmanager.h(20): error C2039: 'iterator': '`global namespace''의 멤버가 아닙니다.
e:\github\source\lobby_server\clientmanager.h(20): error C2238: ';' 앞에 예기치 않은 토큰이 있습니다.
e:\github\source\lobby_server\clientmanager.h(27): error C2143: 구문 오류: ';'이(가) '*' 앞에 없습니다.
e:\github\source\lobby_server\clientmanager.h(27): error C4430: 형식 지정자가 없습니다. int로 가정합니다. 참고: C++에서는 기본 int를 지원하지 않습니다.
e:\github\source\lobby_server\clientmanager.h(27): error C2238: ';' 앞에 예기치 않은 토큰이 있습니다.
e:\github\source\lobby_server\clientmanager.h(76): error C2061: 구문 오류: 식별자 'CStreamSP'
e:\github\source\lobby_server\clientmanager.h(81): error C2061: 구문 오류: 식별자 'CStreamSP'
  Receiver.cpp
e:\github\source\lobby_server\receiver.h(13): error C3861: 'assert': 식별자를 찾을 수 없습니다.
e:\github\source\lobby_server\receiver.h(15): error C3861: 'assert': 식별자를 찾을 수 없습니다.
e:\github\source\lobby_server\receiver.h(30): error C3861: 'assert': 식별자를 찾을 수 없습니다.
e:\github\source\lobby_server\receiver.h(32): error C3861: 'assert': 식별자를 찾을 수 없습니다.
  Object.cpp
e:\github\source\lobby_server\object.h(112): error C2065: 'cout': 선언되지 않은 식별자입니다.
e:\github\source\lobby_server\object.h(112): error C2065: 'endl': 선언되지 않은 식별자입니다.
e:\github\source\lobby_server\object.h(113): error C2065: 'cout': 선언되지 않은 식별자입니다.
e:\github\source\lobby_server\object.h(114): error C2065: 'cout': 선언되지 않은 식별자입니다.
e:\github\source\lobby_server\object.h(114): error C2065: 'endl': 선언되지 않은 식별자입니다.
e:\github\source\lobby_server\object.h(115): error C2065: 'cout': 선언되지 않은 식별자입니다.
e:\github\source\lobby_server\object.h(115): error C2065: 'endl': 선언되지 않은 식별자입니다.
e:\github\source\lobby_server\object.h(116): error C2065: 'cout': 선언되지 않은 식별자입니다.
e:\github\source\lobby_server\object.h(116): error C2065: 'endl': 선언되지 않은 식별자입니다.
e:\github\source\lobby_server\object.h(117): error C2065: 'cout': 선언되지 않은 식별자입니다.
e:\github\source\lobby_server\object.h(117): error C2065: 'endl': 선언되지 않은 식별자입니다.
e:\github\source\lobby_server\object.h(136): error C2065: 'cout': 선언되지 않은 식별자입니다.
e:\github\source\lobby_server\object.h(136): error C2065: 'endl': 선언되지 않은 식별자입니다.
  network.cpp
e:\github\source\lobby_server\object.h(112): error C2065: 'cout': 선언되지 않은 식별자입니다.
e:\github\source\lobby_server\object.h(112): error C2065: 'endl': 선언되지 않은 식별자입니다.
e:\github\source\lobby_server\object.h(113): error C2065: 'cout': 선언되지 않은 식별자입니다.
e:\github\source\lobby_server\object.h(114): error C2065: 'cout': 선언되지 않은 식별자입니다.
e:\github\source\lobby_server\object.h(114): error C2065: 'endl': 선언되지 않은 식별자입니다.
e:\github\source\lobby_server\object.h(115): error C2065: 'cout': 선언되지 않은 식별자입니다.
e:\github\source\lobby_server\object.h(115): error C2065: 'endl': 선언되지 않은 식별자입니다.
e:\github\source\lobby_server\object.h(116): error C2065: 'cout': 선언되지 않은 식별자입니다.
e:\github\source\lobby_server\object.h(116): error C2065: 'endl': 선언되지 않은 식별자입니다.
e:\github\source\lobby_server\object.h(117): error C2065: 'cout': 선언되지 않은 식별자입니다.
e:\github\source\lobby_server\object.h(117): error C2065: 'endl': 선언되지 않은 식별자입니다.
e:\github\source\lobby_server\object.h(136): error C2065: 'cout': 선언되지 않은 식별자입니다.
e:\github\source\lobby_server\object.h(136): error C2065: 'endl': 선언되지 않은 식별자입니다.
e:\github\source\lobby_server\clientmanager.h(18): error C2143: 구문 오류: ';'이(가) '<' 앞에 없습니다.
e:\github\source\lobby_server\clientmanager.h(18): error C4430: 형식 지정자가 없습니다. int로 가정합니다. 참고: C++에서는 기본 int를 지원하지 않습니다.
e:\github\source\lobby_server\clientmanager.h(18): error C2238: ';' 앞에 예기치 않은 토큰이 있습니다.
e:\github\source\lobby_server\clientmanager.h(19): error C2143: 구문 오류: ';'이(가) '<' 앞에 없습니다.
e:\github\source\lobby_server\clientmanager.h(19): error C4430: 형식 지정자가 없습니다. int로 가정합니다. 참고: C++에서는 기본 int를 지원하지 않습니다.
e:\github\source\lobby_server\clientmanager.h(19): error C2238: ';' 앞에 예기치 않은 토큰이 있습니다.
e:\github\source\lobby_server\clientmanager.h(20): error C2143: 구문 오류: ';'이(가) '<' 앞에 없습니다.
e:\github\source\lobby_server\clientmanager.h(20): error C4430: 형식 지정자가 없습니다. int로 가정합니다. 참고: C++에서는 기본 int를 지원하지 않습니다.
e:\github\source\lobby_server\clientmanager.h(20): error C2039: 'iterator': '`global namespace''의 멤버가 아닙니다.
e:\github\source\lobby_server\clientmanager.h(20): error C2238: ';' 앞에 예기치 않은 토큰이 있습니다.
e:\github\source\lobby_server\clientmanager.h(27): error C2143: 구문 오류: ';'이(가) '*' 앞에 없습니다.
e:\github\source\lobby_server\clientmanager.h(27): error C4430: 형식 지정자가 없습니다. int로 가정합니다. 참고: C++에서는 기본 int를 지원하지 않습니다.
e:\github\source\lobby_server\clientmanager.h(27): error C2238: ';' 앞에 예기치 않은 토큰이 있습니다.
e:\github\source\lobby_server\clientmanager.h(76): error C2061: 구문 오류: 식별자 'CStreamSP'
e:\github\source\lobby_server\clientmanager.h(81): error C2061: 구문 오류: 식별자 'CStreamSP'
  Mysql.cpp
e:\github\source\lobby_server\mysql.h(3): fatal error C1083: 포함 파일을 열 수 없습니다. 'BasicMessage.h': No such file or directory
  lobby_server.cpp
e:\github\source\lobby_server\object.h(112): error C2065: 'cout': 선언되지 않은 식별자입니다.
e:\github\source\lobby_server\object.h(112): error C2065: 'endl': 선언되지 않은 식별자입니다.
e:\github\source\lobby_server\object.h(113): error C2065: 'cout': 선언되지 않은 식별자입니다.
e:\github\source\lobby_server\object.h(114): error C2065: 'cout': 선언되지 않은 식별자입니다.
e:\github\source\lobby_server\object.h(114): error C2065: 'endl': 선언되지 않은 식별자입니다.
e:\github\source\lobby_server\object.h(115): error C2065: 'cout': 선언되지 않은 식별자입니다.
e:\github\source\lobby_server\object.h(115): error C2065: 'endl': 선언되지 않은 식별자입니다.
e:\github\source\lobby_server\object.h(116): error C2065: 'cout': 선언되지 않은 식별자입니다.
e:\github\source\lobby_server\object.h(116): error C2065: 'endl': 선언되지 않은 식별자입니다.
e:\github\source\lobby_server\object.h(117): error C2065: 'cout': 선언되지 않은 식별자입니다.
e:\github\source\lobby_server\object.h(117): error C2065: 'endl': 선언되지 않은 식별자입니다.
e:\github\source\lobby_server\object.h(136): error C2065: 'cout': 선언되지 않은 식별자입니다.
e:\github\source\lobby_server\object.h(136): error C2065: 'endl': 선언되지 않은 식별자입니다.
e:\github\source\lobby_server\clientmanager.h(18): error C2143: 구문 오류: ';'이(가) '<' 앞에 없습니다.
e:\github\source\lobby_server\clientmanager.h(18): error C4430: 형식 지정자가 없습니다. int로 가정합니다. 참고: C++에서는 기본 int를 지원하지 않습니다.
e:\github\source\lobby_server\clientmanager.h(18): error C2238: ';' 앞에 예기치 않은 토큰이 있습니다.
e:\github\source\lobby_server\clientmanager.h(19): error C2143: 구문 오류: ';'이(가) '<' 앞에 없습니다.
e:\github\source\lobby_server\clientmanager.h(19): error C4430: 형식 지정자가 없습니다. int로 가정합니다. 참고: C++에서는 기본 int를 지원하지 않습니다.
e:\github\source\lobby_server\clientmanager.h(19): error C2238: ';' 앞에 예기치 않은 토큰이 있습니다.
e:\github\source\lobby_server\clientmanager.h(20): error C2143: 구문 오류: ';'이(가) '<' 앞에 없습니다.
e:\github\source\lobby_server\clientmanager.h(20): error C4430: 형식 지정자가 없습니다. int로 가정합니다. 참고: C++에서는 기본 int를 지원하지 않습니다.
e:\github\source\lobby_server\clientmanager.h(20): error C2039: 'iterator': '`global namespace''의 멤버가 아닙니다.
e:\github\source\lobby_server\clientmanager.h(20): error C2238: ';' 앞에 예기치 않은 토큰이 있습니다.
e:\github\source\lobby_server\clientmanager.h(27): error C2143: 구문 오류: ';'이(가) '*' 앞에 없습니다.
e:\github\source\lobby_server\clientmanager.h(27): error C4430: 형식 지정자가 없습니다. int로 가정합니다. 참고: C++에서는 기본 int를 지원하지 않습니다.
e:\github\source\lobby_server\clientmanager.h(27): error C2238: ';' 앞에 예기치 않은 토큰이 있습니다.
e:\github\source\lobby_server\clientmanager.h(76): error C2061: 구문 오류: 식별자 'CStreamSP'
e:\github\source\lobby_server\clientmanager.h(81): error C2061: 구문 오류: 식별자 'CStreamSP'
e:\github\source\lobby_server\mysql.h(3): fatal error C1083: 포함 파일을 열 수 없습니다. 'BasicMessage.h': No such file or directory
  Disconnector.cpp
e:\github\source\lobby_server\disconnector.h(13): error C3861: 'assert': 식별자를 찾을 수 없습니다.
e:\github\source\lobby_server\disconnector.h(15): error C3861: 'assert': 식별자를 찾을 수 없습니다.
e:\github\source\lobby_server\disconnector.h(20): error C3861: 'assert': 식별자를 찾을 수 없습니다.
e:\github\source\lobby_server\disconnector.h(22): error C3861: 'assert': 식별자를 찾을 수 없습니다.
  Cworld.cpp
  Croom_manager.cpp
e:\github\source\lobby_server\object.h(112): error C2065: 'cout': 선언되지 않은 식별자입니다.
e:\github\source\lobby_server\object.h(112): error C2065: 'endl': 선언되지 않은 식별자입니다.
e:\github\source\lobby_server\object.h(113): error C2065: 'cout': 선언되지 않은 식별자입니다.
e:\github\source\lobby_server\object.h(114): error C2065: 'cout': 선언되지 않은 식별자입니다.
e:\github\source\lobby_server\object.h(114): error C2065: 'endl': 선언되지 않은 식별자입니다.
e:\github\source\lobby_server\object.h(115): error C2065: 'cout': 선언되지 않은 식별자입니다.
e:\github\source\lobby_server\object.h(115): error C2065: 'endl': 선언되지 않은 식별자입니다.
e:\github\source\lobby_server\object.h(116): error C2065: 'cout': 선언되지 않은 식별자입니다.
e:\github\source\lobby_server\object.h(116): error C2065: 'endl': 선언되지 않은 식별자입니다.
e:\github\source\lobby_server\object.h(117): error C2065: 'cout': 선언되지 않은 식별자입니다.
e:\github\source\lobby_server\object.h(117): error C2065: 'endl': 선언되지 않은 식별자입니다.
e:\github\source\lobby_server\object.h(136): error C2065: 'cout': 선언되지 않은 식별자입니다.
e:\github\source\lobby_server\object.h(136): error C2065: 'endl': 선언되지 않은 식별자입니다.
e:\github\source\lobby_server\croom.h(10): error C2143: 구문 오류: ';'이(가) '<' 앞에 없습니다.
e:\github\source\lobby_server\croom.h(10): error C4430: 형식 지정자가 없습니다. int로 가정합니다. 참고: C++에서는 기본 int를 지원하지 않습니다.
e:\github\source\lobby_server\croom.h(10): error C2238: ';' 앞에 예기치 않은 토큰이 있습니다.
e:\github\source\lobby_server\croom.h(33): error C2061: 구문 오류: 식별자 'CStreamSP'
e:\github\source\lobby_server\croom_manager.h(10): error C2143: 구문 오류: ';'이(가) '<' 앞에 없습니다.
e:\github\source\lobby_server\croom_manager.h(10): error C4430: 형식 지정자가 없습니다. int로 가정합니다. 참고: C++에서는 기본 int를 지원하지 않습니다.
e:\github\source\lobby_server\croom_manager.h(10): error C2238: ';' 앞에 예기치 않은 토큰이 있습니다.
e:\github\source\lobby_server\croom_manager.h(28): error C2061: 구문 오류: 식별자 'CStreamSP'
e:\github\source\lobby_server\croom_manager.h(32): error C2143: 구문 오류: ';'이(가) '*' 앞에 없습니다.
e:\github\source\lobby_server\croom_manager.h(32): error C4430: 형식 지정자가 없습니다. int로 가정합니다. 참고: C++에서는 기본 int를 지원하지 않습니다.
e:\github\source\lobby_server\croom_manager.h(32): error C2238: ';' 앞에 예기치 않은 토큰이 있습니다.
e:\github\source\lobby_server\croom_manager.h(34): error C2061: 구문 오류: 식별자 'CStreamSP'
e:\github\source\lobby_server\mysql.h(3): fatal error C1083: 포함 파일을 열 수 없습니다. 'BasicMessage.h': No such file or directory
  Croom.cpp
e:\github\source\lobby_server\object.h(112): error C2065: 'cout': 선언되지 않은 식별자입니다.
e:\github\source\lobby_server\object.h(112): error C2065: 'endl': 선언되지 않은 식별자입니다.
e:\github\source\lobby_server\object.h(113): error C2065: 'cout': 선언되지 않은 식별자입니다.
e:\github\source\lobby_server\object.h(114): error C2065: 'cout': 선언되지 않은 식별자입니다.
e:\github\source\lobby_server\object.h(114): error C2065: 'endl': 선언되지 않은 식별자입니다.
e:\github\source\lobby_server\object.h(115): error C2065: 'cout': 선언되지 않은 식별자입니다.
e:\github\source\lobby_server\object.h(115): error C2065: 'endl': 선언되지 않은 식별자입니다.
e:\github\source\lobby_server\object.h(116): error C2065: 'cout': 선언되지 않은 식별자입니다.
e:\github\source\lobby_server\object.h(116): error C2065: 'endl': 선언되지 않은 식별자입니다.
e:\github\source\lobby_server\object.h(117): error C2065: 'cout': 선언되지 않은 식별자입니다.
e:\github\source\lobby_server\object.h(117): error C2065: 'endl': 선언되지 않은 식별자입니다.
e:\github\source\lobby_server\object.h(136): error C2065: 'cout': 선언되지 않은 식별자입니다.
e:\github\source\lobby_server\object.h(136): error C2065: 'endl': 선언되지 않은 식별자입니다.
e:\github\source\lobby_server\croom.h(10): error C2143: 구문 오류: ';'이(가) '<' 앞에 없습니다.
e:\github\source\lobby_server\croom.h(10): error C4430: 형식 지정자가 없습니다. int로 가정합니다. 참고: C++에서는 기본 int를 지원하지 않습니다.
e:\github\source\lobby_server\croom.h(10): error C2238: ';' 앞에 예기치 않은 토큰이 있습니다.
e:\github\source\lobby_server\croom.h(33): error C2061: 구문 오류: 식별자 'CStreamSP'
e:\github\source\lobby_server\clientmanager.h(18): error C2143: 구문 오류: ';'이(가) '<' 앞에 없습니다.
e:\github\source\lobby_server\clientmanager.h(18): error C4430: 형식 지정자가 없습니다. int로 가정합니다. 참고: C++에서는 기본 int를 지원하지 않습니다.
e:\github\source\lobby_server\clientmanager.h(18): error C2238: ';' 앞에 예기치 않은 토큰이 있습니다.
e:\github\source\lobby_server\clientmanager.h(19): error C2143: 구문 오류: ';'이(가) '<' 앞에 없습니다.
e:\github\source\lobby_server\clientmanager.h(19): error C4430: 형식 지정자가 없습니다. int로 가정합니다. 참고: C++에서는 기본 int를 지원하지 않습니다.
e:\github\source\lobby_server\clientmanager.h(19): error C2238: ';' 앞에 예기치 않은 토큰이 있습니다.
e:\github\source\lobby_server\clientmanager.h(20): error C2143: 구문 오류: ';'이(가) '<' 앞에 없습니다.
e:\github\source\lobby_server\clientmanager.h(20): error C4430: 형식 지정자가 없습니다. int로 가정합니다. 참고: C++에서는 기본 int를 지원하지 않습니다.
e:\github\source\lobby_server\clientmanager.h(20): error C2039: 'iterator': '`global namespace''의 멤버가 아닙니다.
e:\github\source\lobby_server\clientmanager.h(20): error C2238: ';' 앞에 예기치 않은 토큰이 있습니다.
e:\github\source\lobby_server\clientmanager.h(27): error C2143: 구문 오류: ';'이(가) '*' 앞에 없습니다.
e:\github\source\lobby_server\clientmanager.h(27): error C4430: 형식 지정자가 없습니다. int로 가정합니다. 참고: C++에서는 기본 int를 지원하지 않습니다.
e:\github\source\lobby_server\clientmanager.h(27): error C2238: ';' 앞에 예기치 않은 토큰이 있습니다.
e:\github\source\lobby_server\clientmanager.h(76): error C2061: 구문 오류: 식별자 'CStreamSP'
e:\github\source\lobby_server\clientmanager.h(81): error C2061: 구문 오류: 식별자 'CStreamSP'
e:\github\source\lobby_server\croom.cpp(66): error C2065: 'vec_user_room': 선언되지 않은 식별자입니다.
e:\github\source\lobby_server\croom.cpp(66): error C2228: '.size' 왼쪽에는 클래스/구조체/공용 구조체가 있어야 합니다.
  e:\github\source\lobby_server\croom.cpp(66): note: 'unknown-type' 형식입니다.
e:\github\source\lobby_server\croom.cpp(68): error C2065: 'vec_user_room': 선언되지 않은 식별자입니다.
e:\github\source\lobby_server\croom.cpp(68): error C2228: '.push_back' 왼쪽에는 클래스/구조체/공용 구조체가 있어야 합니다.
  e:\github\source\lobby_server\croom.cpp(68): note: 'unknown-type' 형식입니다.
e:\github\source\lobby_server\croom.cpp(87): error C2065: 'vec_user_room': 선언되지 않은 식별자입니다.
e:\github\source\lobby_server\croom.cpp(87): error C2228: '.size' 왼쪽에는 클래스/구조체/공용 구조체가 있어야 합니다.
  e:\github\source\lobby_server\croom.cpp(87): note: 'unknown-type' 형식입니다.
e:\github\source\lobby_server\croom.cpp(89): error C2039: 'vector': 'std'의 멤버가 아닙니다.
  c:\program files (x86)\windows kits\10\include\10.0.10240.0\ucrt\stddef.h(18): note: 'std' 선언을 참조하십시오.
e:\github\source\lobby_server\croom.cpp(89): error C2065: 'vector': 선언되지 않은 식별자입니다.
e:\github\source\lobby_server\croom.cpp(89): error C2059: 구문 오류: '>'
e:\github\source\lobby_server\croom.cpp(89): error C2039: 'iterator': '`global namespace''의 멤버가 아닙니다.
e:\github\source\lobby_server\croom.cpp(89): error C2065: 'iter': 선언되지 않은 식별자입니다.
e:\github\source\lobby_server\croom.cpp(89): error C2065: 'vec_user_room': 선언되지 않은 식별자입니다.
e:\github\source\lobby_server\croom.cpp(89): error C2228: '.end' 왼쪽에는 클래스/구조체/공용 구조체가 있어야 합니다.
  e:\github\source\lobby_server\croom.cpp(89): note: 'unknown-type' 형식입니다.
e:\github\source\lobby_server\croom.cpp(89): error C2059: 구문 오류: ')'
e:\github\source\lobby_server\croom.cpp(91): error C2065: 'iter': 선언되지 않은 식별자입니다.
e:\github\source\lobby_server\croom.cpp(91): error C2227: '->sUser_info' 왼쪽은 클래스/구조체/공용 구조체/제네릭 형식을 가리켜야 합니다.
  e:\github\source\lobby_server\croom.cpp(91): note: 'unknown-type' 형식입니다.
e:\github\source\lobby_server\croom.cpp(91): error C2228: '.id' 왼쪽에는 클래스/구조체/공용 구조체가 있어야 합니다.
e:\github\source\lobby_server\croom.cpp(95): error C2065: 'iter': 선언되지 않은 식별자입니다.
e:\github\source\lobby_server\croom.cpp(95): error C2065: 'vec_user_room': 선언되지 않은 식별자입니다.
e:\github\source\lobby_server\croom.cpp(95): error C2228: '.erase' 왼쪽에는 클래스/구조체/공용 구조체가 있어야 합니다.
  e:\github\source\lobby_server\croom.cpp(95): note: 'unknown-type' 형식입니다.
e:\github\source\lobby_server\croom.cpp(99): error C2065: 'iter': 선언되지 않은 식별자입니다.
e:\github\source\lobby_server\croom.cpp(115): error C2065: 'vec_user_room': 선언되지 않은 식별자입니다.
e:\github\source\lobby_server\croom.cpp(115): error C2228: '.size' 왼쪽에는 클래스/구조체/공용 구조체가 있어야 합니다.
  e:\github\source\lobby_server\croom.cpp(115): note: 'unknown-type' 형식입니다.
e:\github\source\lobby_server\croom.cpp(124): error C2061: 구문 오류: 식별자 'CStreamSP'
e:\github\source\lobby_server\croom.cpp(132): error C2065: 'CStream': 선언되지 않은 식별자입니다.
e:\github\source\lobby_server\croom.cpp(132): error C2065: 'p_wStream': 선언되지 않은 식별자입니다.
e:\github\source\lobby_server\croom.cpp(132): error C2065: 'pStreamSP': 선언되지 않은 식별자입니다.
e:\github\source\lobby_server\croom.cpp(134): error C2065: 'P_CLIENT_TO_SERVER_MSG': 선언되지 않은 식별자입니다.
e:\github\source\lobby_server\croom.cpp(135): error C2065: 'P_S_CLIENT_ENTER_GAME_ACK': 선언되지 않은 식별자입니다.
e:\github\source\lobby_server\croom.cpp(141): error C2065: 'p_wStream': 선언되지 않은 식별자입니다.
e:\github\source\lobby_server\croom.cpp(141): error C2227: '->StartWrite' 왼쪽은 클래스/구조체/공용 구조체/제네릭 형식을 가리켜야 합니다.
  e:\github\source\lobby_server\croom.cpp(141): note: 'unknown-type' 형식입니다.
e:\github\source\lobby_server\croom.cpp(142): error C2065: 'p_wStream': 선언되지 않은 식별자입니다.
e:\github\source\lobby_server\croom.cpp(142): error C2227: '->WriteData' 왼쪽은 클래스/구조체/공용 구조체/제네릭 형식을 가리켜야 합니다.
  e:\github\source\lobby_server\croom.cpp(142): note: 'unknown-type' 형식입니다.
e:\github\source\lobby_server\croom.cpp(143): error C2065: 'p_wStream': 선언되지 않은 식별자입니다.
e:\github\source\lobby_server\croom.cpp(143): error C2227: '->WriteData' 왼쪽은 클래스/구조체/공용 구조체/제네릭 형식을 가리켜야 합니다.
  e:\github\source\lobby_server\croom.cpp(143): note: 'unknown-type' 형식입니다.
e:\github\source\lobby_server\croom.cpp(147): error C2065: 'p_wStream': 선언되지 않은 식별자입니다.
e:\github\source\lobby_server\croom.cpp(147): error C2227: '->WriteData' 왼쪽은 클래스/구조체/공용 구조체/제네릭 형식을 가리켜야 합니다.
  e:\github\source\lobby_server\croom.cpp(147): note: 'unknown-type' 형식입니다.
e:\github\source\lobby_server\croom.cpp(148): error C2065: 'p_wStream': 선언되지 않은 식별자입니다.
e:\github\source\lobby_server\croom.cpp(148): error C2227: '->WriteData' 왼쪽은 클래스/구조체/공용 구조체/제네릭 형식을 가리켜야 합니다.
  e:\github\source\lobby_server\croom.cpp(148): note: 'unknown-type' 형식입니다.
e:\github\source\lobby_server\croom.cpp(149): error C2065: 'p_wStream': 선언되지 않은 식별자입니다.
e:\github\source\lobby_server\croom.cpp(149): error C2227: '->WriteData' 왼쪽은 클래스/구조체/공용 구조체/제네릭 형식을 가리켜야 합니다.
  e:\github\source\lobby_server\croom.cpp(149): note: 'unknown-type' 형식입니다.
e:\github\source\lobby_server\croom.cpp(150): error C2065: 'p_wStream': 선언되지 않은 식별자입니다.
e:\github\source\lobby_server\croom.cpp(150): error C2227: '->WriteData' 왼쪽은 클래스/구조체/공용 구조체/제네릭 형식을 가리켜야 합니다.
  e:\github\source\lobby_server\croom.cpp(150): note: 'unknown-type' 형식입니다.
e:\github\source\lobby_server\croom.cpp(154): error C2065: 'p_wStream': 선언되지 않은 식별자입니다.
e:\github\source\lobby_server\croom.cpp(154): error C2227: '->EndWrite' 왼쪽은 클래스/구조체/공용 구조체/제네릭 형식을 가리켜야 합니다.
  e:\github\source\lobby_server\croom.cpp(154): note: 'unknown-type' 형식입니다.
e:\github\source\lobby_server\croom.cpp(176): error C2065: 'vec_user_room': 선언되지 않은 식별자입니다.
e:\github\source\lobby_server\croom.cpp(176): error C2228: '.size' 왼쪽에는 클래스/구조체/공용 구조체가 있어야 합니다.
  e:\github\source\lobby_server\croom.cpp(176): note: 'unknown-type' 형식입니다.
e:\github\source\lobby_server\croom.cpp(178): error C2039: 'vector': 'std'의 멤버가 아닙니다.
  c:\program files (x86)\windows kits\10\include\10.0.10240.0\ucrt\stddef.h(18): note: 'std' 선언을 참조하십시오.
e:\github\source\lobby_server\croom.cpp(178): error C2065: 'vector': 선언되지 않은 식별자입니다.
e:\github\source\lobby_server\croom.cpp(178): error C2059: 구문 오류: '>'
e:\github\source\lobby_server\croom.cpp(178): error C2039: 'iterator': '`global namespace''의 멤버가 아닙니다.
e:\github\source\lobby_server\croom.cpp(178): error C2065: 'iter': 선언되지 않은 식별자입니다.
e:\github\source\lobby_server\croom.cpp(178): error C2065: 'vec_user_room': 선언되지 않은 식별자입니다.
e:\github\source\lobby_server\croom.cpp(178): error C2228: '.end' 왼쪽에는 클래스/구조체/공용 구조체가 있어야 합니다.
  e:\github\source\lobby_server\croom.cpp(178): note: 'unknown-type' 형식입니다.
e:\github\source\lobby_server\croom.cpp(178): error C2059: 구문 오류: ')'
e:\github\source\lobby_server\croom.cpp(180): error C2065: 'iter': 선언되지 않은 식별자입니다.
e:\github\source\lobby_server\croom.cpp(180): error C2227: '->user_socket_info' 왼쪽은 클래스/구조체/공용 구조체/제네릭 형식을 가리켜야 합니다.
  e:\github\source\lobby_server\croom.cpp(180): note: 'unknown-type' 형식입니다.
e:\github\source\lobby_server\croom.cpp(180): error C2227: '->fd' 왼쪽은 클래스/구조체/공용 구조체/제네릭 형식을 가리켜야 합니다.
e:\github\source\lobby_server\croom.cpp(183): error C2065: 'iter': 선언되지 않은 식별자입니다.
e:\github\source\lobby_server\croom.cpp(183): error C2227: '->user_socket_info' 왼쪽은 클래스/구조체/공용 구조체/제네릭 형식을 가리켜야 합니다.
  e:\github\source\lobby_server\croom.cpp(183): note: 'unknown-type' 형식입니다.
e:\github\source\lobby_server\croom.cpp(183): error C2227: '->IOOperation' 왼쪽은 클래스/구조체/공용 구조체/제네릭 형식을 가리켜야 합니다.
e:\github\source\lobby_server\croom.cpp(185): error C2065: 'iter': 선언되지 않은 식별자입니다.
e:\github\source\lobby_server\croom.cpp(185): error C2227: '->user_socket_info' 왼쪽은 클래스/구조체/공용 구조체/제네릭 형식을 가리켜야 합니다.
  e:\github\source\lobby_server\croom.cpp(185): note: 'unknown-type' 형식입니다.
e:\github\source\lobby_server\croom.cpp(185): error C2227: '->dataBuf' 왼쪽은 클래스/구조체/공용 구조체/제네릭 형식을 가리켜야 합니다.
e:\github\source\lobby_server\croom.cpp(185): error C2228: '.buf' 왼쪽에는 클래스/구조체/공용 구조체가 있어야 합니다.
e:\github\source\lobby_server\croom.cpp(191): error C2065: 'iter': 선언되지 않은 식별자입니다.
e:\github\source\lobby_server\croom.cpp(191): error C2227: '->user_socket_info' 왼쪽은 클래스/구조체/공용 구조체/제네릭 형식을 가리켜야 합니다.
  e:\github\source\lobby_server\croom.cpp(191): note: 'unknown-type' 형식입니다.
e:\github\source\lobby_server\croom.cpp(191): error C2227: '->fd' 왼쪽은 클래스/구조체/공용 구조체/제네릭 형식을 가리켜야 합니다.
e:\github\source\lobby_server\croom.cpp(192): error C2065: 'iter': 선언되지 않은 식별자입니다.
e:\github\source\lobby_server\croom.cpp(192): error C2227: '->user_socket_info' 왼쪽은 클래스/구조체/공용 구조체/제네릭 형식을 가리켜야 합니다.
  e:\github\source\lobby_server\croom.cpp(192): note: 'unknown-type' 형식입니다.
e:\github\source\lobby_server\croom.cpp(192): error C2227: '->dataBuf' 왼쪽은 클래스/구조체/공용 구조체/제네릭 형식을 가리켜야 합니다.
e:\github\source\lobby_server\croom.cpp(196): error C2065: 'iter': 선언되지 않은 식별자입니다.
e:\github\source\lobby_server\croom.cpp(196): error C2227: '->user_socket_info' 왼쪽은 클래스/구조체/공용 구조체/제네릭 형식을 가리켜야 합니다.
  e:\github\source\lobby_server\croom.cpp(196): note: 'unknown-type' 형식입니다.
e:\github\source\lobby_server\croom.cpp(196): error C2227: '->overlapped' 왼쪽은 클래스/구조체/공용 구조체/제네릭 형식을 가리켜야 합니다.
e:\github\source\lobby_server\croom.cpp(196): fatal error C1003: 오류 수가 100개를 초과했습니다. 컴파일을 중지합니다.
  ClientManager.cpp
e:\github\source\lobby_server\object.h(112): error C2065: 'cout': 선언되지 않은 식별자입니다.
e:\github\source\lobby_server\object.h(112): error C2065: 'endl': 선언되지 않은 식별자입니다.
e:\github\source\lobby_server\object.h(113): error C2065: 'cout': 선언되지 않은 식별자입니다.
e:\github\source\lobby_server\object.h(114): error C2065: 'cout': 선언되지 않은 식별자입니다.
e:\github\source\lobby_server\object.h(114): error C2065: 'endl': 선언되지 않은 식별자입니다.
e:\github\source\lobby_server\object.h(115): error C2065: 'cout': 선언되지 않은 식별자입니다.
e:\github\source\lobby_server\object.h(115): error C2065: 'endl': 선언되지 않은 식별자입니다.
e:\github\source\lobby_server\object.h(116): error C2065: 'cout': 선언되지 않은 식별자입니다.
e:\github\source\lobby_server\object.h(116): error C2065: 'endl': 선언되지 않은 식별자입니다.
e:\github\source\lobby_server\object.h(117): error C2065: 'cout': 선언되지 않은 식별자입니다.
e:\github\source\lobby_server\object.h(117): error C2065: 'endl': 선언되지 않은 식별자입니다.
e:\github\source\lobby_server\object.h(136): error C2065: 'cout': 선언되지 않은 식별자입니다.
e:\github\source\lobby_server\object.h(136): error C2065: 'endl': 선언되지 않은 식별자입니다.
e:\github\source\lobby_server\clientmanager.h(18): error C2143: 구문 오류: ';'이(가) '<' 앞에 없습니다.
e:\github\source\lobby_server\clientmanager.h(18): error C4430: 형식 지정자가 없습니다. int로 가정합니다. 참고: C++에서는 기본 int를 지원하지 않습니다.
e:\github\source\lobby_server\clientmanager.h(18): error C2238: ';' 앞에 예기치 않은 토큰이 있습니다.
e:\github\source\lobby_server\clientmanager.h(19): error C2143: 구문 오류: ';'이(가) '<' 앞에 없습니다.
e:\github\source\lobby_server\clientmanager.h(19): error C4430: 형식 지정자가 없습니다. int로 가정합니다. 참고: C++에서는 기본 int를 지원하지 않습니다.
e:\github\source\lobby_server\clientmanager.h(19): error C2238: ';' 앞에 예기치 않은 토큰이 있습니다.
e:\github\source\lobby_server\clientmanager.h(20): error C2143: 구문 오류: ';'이(가) '<' 앞에 없습니다.
e:\github\source\lobby_server\clientmanager.h(20): error C4430: 형식 지정자가 없습니다. int로 가정합니다. 참고: C++에서는 기본 int를 지원하지 않습니다.
e:\github\source\lobby_server\clientmanager.h(20): error C2039: 'iterator': '`global namespace''의 멤버가 아닙니다.
e:\github\source\lobby_server\clientmanager.h(20): error C2238: ';' 앞에 예기치 않은 토큰이 있습니다.
e:\github\source\lobby_server\clientmanager.h(27): error C2143: 구문 오류: ';'이(가) '*' 앞에 없습니다.
e:\github\source\lobby_server\clientmanager.h(27): error C4430: 형식 지정자가 없습니다. int로 가정합니다. 참고: C++에서는 기본 int를 지원하지 않습니다.
e:\github\source\lobby_server\clientmanager.h(27): error C2238: ';' 앞에 예기치 않은 토큰이 있습니다.
e:\github\source\lobby_server\clientmanager.h(76): error C2061: 구문 오류: 식별자 'CStreamSP'
e:\github\source\lobby_server\clientmanager.h(81): error C2061: 구문 오류: 식별자 'CStreamSP'
e:\github\source\lobby_server\croom.h(10): error C2143: 구문 오류: ';'이(가) '<' 앞에 없습니다.
e:\github\source\lobby_server\croom.h(10): error C4430: 형식 지정자가 없습니다. int로 가정합니다. 참고: C++에서는 기본 int를 지원하지 않습니다.
e:\github\source\lobby_server\croom.h(10): error C2238: ';' 앞에 예기치 않은 토큰이 있습니다.
e:\github\source\lobby_server\croom.h(33): error C2061: 구문 오류: 식별자 'CStreamSP'
e:\github\source\lobby_server\croom_manager.h(10): error C2143: 구문 오류: ';'이(가) '<' 앞에 없습니다.
e:\github\source\lobby_server\croom_manager.h(10): error C4430: 형식 지정자가 없습니다. int로 가정합니다. 참고: C++에서는 기본 int를 지원하지 않습니다.
e:\github\source\lobby_server\croom_manager.h(10): error C2238: ';' 앞에 예기치 않은 토큰이 있습니다.
e:\github\source\lobby_server\croom_manager.h(28): error C2061: 구문 오류: 식별자 'CStreamSP'
e:\github\source\lobby_server\croom_manager.h(32): error C2143: 구문 오류: ';'이(가) '*' 앞에 없습니다.
e:\github\source\lobby_server\croom_manager.h(32): error C4430: 형식 지정자가 없습니다. int로 가정합니다. 참고: C++에서는 기본 int를 지원하지 않습니다.
e:\github\source\lobby_server\croom_manager.h(32): error C2238: ';' 앞에 예기치 않은 토큰이 있습니다.
e:\github\source\lobby_server\croom_manager.h(34): error C2061: 구문 오류: 식별자 'CStreamSP'
e:\github\source\lobby_server\clientmanager.cpp(115): error C2065: 'unordered_map': 선언되지 않은 식별자입니다.
e:\github\source\lobby_server\clientmanager.cpp(115): error C2062: 예기치 않은 'int' 형식입니다.
e:\github\source\lobby_server\clientmanager.cpp(115): error C2039: 'iterator': '`global namespace''의 멤버가 아닙니다.
e:\github\source\lobby_server\clientmanager.cpp(117): error C2065: 'it_user': 선언되지 않은 식별자입니다.
e:\github\source\lobby_server\clientmanager.cpp(117): error C2065: 'map_user': 선언되지 않은 식별자입니다.
e:\github\source\lobby_server\clientmanager.cpp(117): error C2228: '.find' 왼쪽에는 클래스/구조체/공용 구조체가 있어야 합니다.
  e:\github\source\lobby_server\clientmanager.cpp(117): note: 'unknown-type' 형식입니다.
e:\github\source\lobby_server\clientmanager.cpp(118): error C2065: 'it_user': 선언되지 않은 식별자입니다.
e:\github\source\lobby_server\clientmanager.cpp(118): error C2065: 'map_user': 선언되지 않은 식별자입니다.
e:\github\source\lobby_server\clientmanager.cpp(118): error C2228: '.end' 왼쪽에는 클래스/구조체/공용 구조체가 있어야 합니다.
  e:\github\source\lobby_server\clientmanager.cpp(118): note: 'unknown-type' 형식입니다.
e:\github\source\lobby_server\clientmanager.cpp(119): error C2065: 'map_user': 선언되지 않은 식별자입니다.
e:\github\source\lobby_server\clientmanager.cpp(119): error C2228: '.erase' 왼쪽에는 클래스/구조체/공용 구조체가 있어야 합니다.
  e:\github\source\lobby_server\clientmanager.cpp(119): note: 'unknown-type' 형식입니다.
e:\github\source\lobby_server\clientmanager.cpp(119): error C2065: 'it_user': 선언되지 않은 식별자입니다.
e:\github\source\lobby_server\clientmanager.cpp(138): error C2065: 'unordered_map': 선언되지 않은 식별자입니다.
e:\github\source\lobby_server\clientmanager.cpp(138): error C2062: 예기치 않은 'int' 형식입니다.
e:\github\source\lobby_server\clientmanager.cpp(138): error C2039: 'iterator': '`global namespace''의 멤버가 아닙니다.
e:\github\source\lobby_server\clientmanager.cpp(140): error C2065: 'it_user': 선언되지 않은 식별자입니다.
e:\github\source\lobby_server\clientmanager.cpp(140): error C2065: 'map_user': 선언되지 않은 식별자입니다.
e:\github\source\lobby_server\clientmanager.cpp(140): error C2228: '.find' 왼쪽에는 클래스/구조체/공용 구조체가 있어야 합니다.
  e:\github\source\lobby_server\clientmanager.cpp(140): note: 'unknown-type' 형식입니다.
e:\github\source\lobby_server\clientmanager.cpp(141): error C2065: 'it_user': 선언되지 않은 식별자입니다.
e:\github\source\lobby_server\clientmanager.cpp(141): error C2065: 'map_user': 선언되지 않은 식별자입니다.
e:\github\source\lobby_server\clientmanager.cpp(141): error C2228: '.end' 왼쪽에는 클래스/구조체/공용 구조체가 있어야 합니다.
  e:\github\source\lobby_server\clientmanager.cpp(141): note: 'unknown-type' 형식입니다.
e:\github\source\lobby_server\clientmanager.cpp(143): error C2065: 'it_user': 선언되지 않은 식별자입니다.
e:\github\source\lobby_server\clientmanager.cpp(143): error C2227: '->second' 왼쪽은 클래스/구조체/공용 구조체/제네릭 형식을 가리켜야 합니다.
  e:\github\source\lobby_server\clientmanager.cpp(143): note: 'unknown-type' 형식입니다.
e:\github\source\lobby_server\clientmanager.cpp(151): error C2065: 'vector': 선언되지 않은 식별자입니다.
e:\github\source\lobby_server\clientmanager.cpp(151): error C2062: 예기치 않은 'int' 형식입니다.
e:\github\source\lobby_server\clientmanager.cpp(152): error C2065: 'vector': 선언되지 않은 식별자입니다.
e:\github\source\lobby_server\clientmanager.cpp(152): error C2062: 예기치 않은 'int' 형식입니다.
e:\github\source\lobby_server\clientmanager.cpp(152): error C2039: 'iterator': '`global namespace''의 멤버가 아닙니다.
e:\github\source\lobby_server\clientmanager.cpp(156): error C2065: 'unordered_map': 선언되지 않은 식별자입니다.
e:\github\source\lobby_server\clientmanager.cpp(156): error C2062: 예기치 않은 'int' 형식입니다.
e:\github\source\lobby_server\clientmanager.cpp(156): error C2039: 'iterator': '`global namespace''의 멤버가 아닙니다.
e:\github\source\lobby_server\clientmanager.cpp(157): error C2065: 'it_user': 선언되지 않은 식별자입니다.
e:\github\source\lobby_server\clientmanager.cpp(157): error C2065: 'map_user': 선언되지 않은 식별자입니다.
e:\github\source\lobby_server\clientmanager.cpp(157): error C2228: '.end' 왼쪽에는 클래스/구조체/공용 구조체가 있어야 합니다.
  e:\github\source\lobby_server\clientmanager.cpp(157): note: 'unknown-type' 형식입니다.
e:\github\source\lobby_server\clientmanager.cpp(159): error C2065: 'it_user': 선언되지 않은 식별자입니다.
e:\github\source\lobby_server\clientmanager.cpp(159): error C2227: '->second' 왼쪽은 클래스/구조체/공용 구조체/제네릭 형식을 가리켜야 합니다.
  e:\github\source\lobby_server\clientmanager.cpp(159): note: 'unknown-type' 형식입니다.
e:\github\source\lobby_server\clientmanager.cpp(162): error C2065: 'vec': 선언되지 않은 식별자입니다.
e:\github\source\lobby_server\clientmanager.cpp(162): error C2228: '.push_back' 왼쪽에는 클래스/구조체/공용 구조체가 있어야 합니다.
  e:\github\source\lobby_server\clientmanager.cpp(162): note: 'unknown-type' 형식입니다.
e:\github\source\lobby_server\clientmanager.cpp(164): error C2065: 'it_user': 선언되지 않은 식별자입니다.
e:\github\source\lobby_server\clientmanager.cpp(167): error C2065: 'vec_it': 선언되지 않은 식별자입니다.
e:\github\source\lobby_server\clientmanager.cpp(167): error C2065: 'vec': 선언되지 않은 식별자입니다.
e:\github\source\lobby_server\clientmanager.cpp(167): error C2228: '.begin' 왼쪽에는 클래스/구조체/공용 구조체가 있어야 합니다.
  e:\github\source\lobby_server\clientmanager.cpp(167): note: 'unknown-type' 형식입니다.
e:\github\source\lobby_server\clientmanager.cpp(167): error C2228: '.end' 왼쪽에는 클래스/구조체/공용 구조체가 있어야 합니다.
  e:\github\source\lobby_server\clientmanager.cpp(167): note: 'unknown-type' 형식입니다.
e:\github\source\lobby_server\clientmanager.cpp(168): error C2065: 'vec_it': 선언되지 않은 식별자입니다.
e:\github\source\lobby_server\clientmanager.cpp(177): error C2065: 'unordered_map': 선언되지 않은 식별자입니다.
e:\github\source\lobby_server\clientmanager.cpp(177): error C2062: 예기치 않은 'int' 형식입니다.
e:\github\source\lobby_server\clientmanager.cpp(177): error C2039: 'iterator': '`global namespace''의 멤버가 아닙니다.
e:\github\source\lobby_server\clientmanager.cpp(180): error C2065: 'it_user': 선언되지 않은 식별자입니다.
e:\github\source\lobby_server\clientmanager.cpp(180): error C2065: 'map_user': 선언되지 않은 식별자입니다.
e:\github\source\lobby_server\clientmanager.cpp(180): error C2228: '.find' 왼쪽에는 클래스/구조체/공용 구조체가 있어야 합니다.
  e:\github\source\lobby_server\clientmanager.cpp(180): note: 'unknown-type' 형식입니다.
e:\github\source\lobby_server\clientmanager.cpp(181): error C2065: 'it_user': 선언되지 않은 식별자입니다.
e:\github\source\lobby_server\clientmanager.cpp(181): error C2227: '->second' 왼쪽은 클래스/구조체/공용 구조체/제네릭 형식을 가리켜야 합니다.
  e:\github\source\lobby_server\clientmanager.cpp(181): note: 'unknown-type' 형식입니다.
e:\github\source\lobby_server\clientmanager.cpp(188): error C2065: 'unordered_map': 선언되지 않은 식별자입니다.
e:\github\source\lobby_server\clientmanager.cpp(188): error C2062: 예기치 않은 'int' 형식입니다.
e:\github\source\lobby_server\clientmanager.cpp(188): error C2039: 'iterator': '`global namespace''의 멤버가 아닙니다.
e:\github\source\lobby_server\clientmanager.cpp(191): error C2065: 'it_user': 선언되지 않은 식별자입니다.
e:\github\source\lobby_server\clientmanager.cpp(191): error C2065: 'map_user': 선언되지 않은 식별자입니다.
e:\github\source\lobby_server\clientmanager.cpp(191): error C2228: '.find' 왼쪽에는 클래스/구조체/공용 구조체가 있어야 합니다.
  e:\github\source\lobby_server\clientmanager.cpp(191): note: 'unknown-type' 형식입니다.
e:\github\source\lobby_server\clientmanager.cpp(193): error C2065: 'it_user': 선언되지 않은 식별자입니다.
e:\github\source\lobby_server\clientmanager.cpp(193): error C2227: '->second' 왼쪽은 클래스/구조체/공용 구조체/제네릭 형식을 가리켜야 합니다.
  e:\github\source\lobby_server\clientmanager.cpp(193): note: 'unknown-type' 형식입니다.
e:\github\source\lobby_server\clientmanager.cpp(205): error C2065: 'unordered_map': 선언되지 않은 식별자입니다.
e:\github\source\lobby_server\clientmanager.cpp(205): error C2062: 예기치 않은 'int' 형식입니다.
e:\github\source\lobby_server\clientmanager.cpp(205): error C2039: 'iterator': '`global namespace''의 멤버가 아닙니다.
e:\github\source\lobby_server\clientmanager.cpp(206): error C2065: 'it_user': 선언되지 않은 식별자입니다.
e:\github\source\lobby_server\clientmanager.cpp(206): error C2065: 'map_user': 선언되지 않은 식별자입니다.
e:\github\source\lobby_server\clientmanager.cpp(206): error C2228: '.end' 왼쪽에는 클래스/구조체/공용 구조체가 있어야 합니다.
  e:\github\source\lobby_server\clientmanager.cpp(206): note: 'unknown-type' 형식입니다.
e:\github\source\lobby_server\clientmanager.cpp(210): error C2065: 'it_user': 선언되지 않은 식별자입니다.
e:\github\source\lobby_server\clientmanager.cpp(218): error C2065: 'CStream': 선언되지 않은 식별자입니다.
e:\github\source\lobby_server\clientmanager.cpp(218): fatal error C1003: 오류 수가 100개를 초과했습니다. 컴파일을 중지합니다.
  Act.cpp
e:\github\source\lobby_server\object.h(112): error C2065: 'cout': 선언되지 않은 식별자입니다.
e:\github\source\lobby_server\object.h(112): error C2065: 'endl': 선언되지 않은 식별자입니다.
e:\github\source\lobby_server\object.h(113): error C2065: 'cout': 선언되지 않은 식별자입니다.
e:\github\source\lobby_server\object.h(114): error C2065: 'cout': 선언되지 않은 식별자입니다.
e:\github\source\lobby_server\object.h(114): error C2065: 'endl': 선언되지 않은 식별자입니다.
e:\github\source\lobby_server\object.h(115): error C2065: 'cout': 선언되지 않은 식별자입니다.
e:\github\source\lobby_server\object.h(115): error C2065: 'endl': 선언되지 않은 식별자입니다.
e:\github\source\lobby_server\object.h(116): error C2065: 'cout': 선언되지 않은 식별자입니다.
e:\github\source\lobby_server\object.h(116): error C2065: 'endl': 선언되지 않은 식별자입니다.
e:\github\source\lobby_server\object.h(117): error C2065: 'cout': 선언되지 않은 식별자입니다.
e:\github\source\lobby_server\object.h(117): error C2065: 'endl': 선언되지 않은 식별자입니다.
e:\github\source\lobby_server\object.h(136): error C2065: 'cout': 선언되지 않은 식별자입니다.
e:\github\source\lobby_server\object.h(136): error C2065: 'endl': 선언되지 않은 식별자입니다.
e:\github\source\lobby_server\clientmanager.h(18): error C2143: 구문 오류: ';'이(가) '<' 앞에 없습니다.
e:\github\source\lobby_server\clientmanager.h(18): error C4430: 형식 지정자가 없습니다. int로 가정합니다. 참고: C++에서는 기본 int를 지원하지 않습니다.
e:\github\source\lobby_server\clientmanager.h(18): error C2238: ';' 앞에 예기치 않은 토큰이 있습니다.
e:\github\source\lobby_server\clientmanager.h(19): error C2143: 구문 오류: ';'이(가) '<' 앞에 없습니다.
e:\github\source\lobby_server\clientmanager.h(19): error C4430: 형식 지정자가 없습니다. int로 가정합니다. 참고: C++에서는 기본 int를 지원하지 않습니다.
e:\github\source\lobby_server\clientmanager.h(19): error C2238: ';' 앞에 예기치 않은 토큰이 있습니다.
e:\github\source\lobby_server\clientmanager.h(20): error C2143: 구문 오류: ';'이(가) '<' 앞에 없습니다.
e:\github\source\lobby_server\clientmanager.h(20): error C4430: 형식 지정자가 없습니다. int로 가정합니다. 참고: C++에서는 기본 int를 지원하지 않습니다.
e:\github\source\lobby_server\clientmanager.h(20): error C2039: 'iterator': '`global namespace''의 멤버가 아닙니다.
e:\github\source\lobby_server\clientmanager.h(20): error C2238: ';' 앞에 예기치 않은 토큰이 있습니다.
e:\github\source\lobby_server\clientmanager.h(27): error C2143: 구문 오류: ';'이(가) '*' 앞에 없습니다.
e:\github\source\lobby_server\clientmanager.h(27): error C4430: 형식 지정자가 없습니다. int로 가정합니다. 참고: C++에서는 기본 int를 지원하지 않습니다.
e:\github\source\lobby_server\clientmanager.h(27): error C2238: ';' 앞에 예기치 않은 토큰이 있습니다.
e:\github\source\lobby_server\clientmanager.h(76): error C2061: 구문 오류: 식별자 'CStreamSP'
e:\github\source\lobby_server\clientmanager.h(81): error C2061: 구문 오류: 식별자 'CStreamSP'
  Acceptor.cpp
  코드를 생성하고 있습니다...
