e:\projects\contextswitch.v12 saisin22\contextswitch\debug\contextswitch.pch
e:\projects\contextswitch.v12 saisin22\contextswitch\debug\vc140.pdb
e:\projects\contextswitch.v12 saisin22\contextswitch\debug\vc140.idb
e:\projects\contextswitch.v12 saisin22\contextswitch\debug\stdafx.obj
e:\projects\contextswitch.v12 saisin22\contextswitch\debug\acceptor.obj
e:\projects\contextswitch.v12 saisin22\contextswitch\debug\act.obj
e:\projects\contextswitch.v12 saisin22\contextswitch\debug\clientmanager.obj
e:\projects\contextswitch.v12 saisin22\contextswitch\debug\contextswitch.obj
e:\projects\contextswitch.v12 saisin22\contextswitch\debug\croom.obj
e:\projects\contextswitch.v12 saisin22\contextswitch\debug\croom_manager.obj
e:\projects\contextswitch.v12 saisin22\contextswitch\debug\cworld.obj
e:\projects\contextswitch.v12 saisin22\contextswitch\debug\disconnector.obj
e:\projects\contextswitch.v12 saisin22\contextswitch\debug\mysql.obj
e:\projects\contextswitch.v12 saisin22\contextswitch\debug\network.obj
e:\projects\contextswitch.v12 saisin22\contextswitch\debug\object.obj
e:\projects\contextswitch.v12 saisin22\contextswitch\debug\objmanager.obj
e:\projects\contextswitch.v12 saisin22\contextswitch\debug\pcmonster.obj
e:\projects\contextswitch.v12 saisin22\contextswitch\debug\receiver.obj
e:\projects\contextswitch.v12 saisin22\contextswitch\debug\redis.obj
e:\projects\contextswitch.v12 saisin22\contextswitch\debug\sender.obj
e:\projects\contextswitch.v12 saisin22\contextswitch\debug\tcpact.obj
e:\projects\contextswitch.v12 saisin22\contextswitch\debug\tcplistensocket.obj
e:\projects\contextswitch.v12 saisin22\contextswitch\debug\tcpsocket.obj
e:\projects\contextswitch.v12 saisin22\contextswitch\debug\userlobby.obj
e:\projects\contextswitch.v12 saisin22\debug\contextswitch.pdb
e:\projects\contextswitch.v12 saisin22\contextswitch\debug\contextswitch.tlog\cl.command.1.tlog
e:\projects\contextswitch.v12 saisin22\contextswitch\debug\contextswitch.tlog\cl.read.1.tlog
e:\projects\contextswitch.v12 saisin22\contextswitch\debug\contextswitch.tlog\cl.write.1.tlog
e:\projects\contextswitch.v12 saisin22\contextswitch\debug\contextswitch.tlog\link-cvtres.read.1.tlog
e:\projects\contextswitch.v12 saisin22\contextswitch\debug\contextswitch.tlog\link-cvtres.write.1.tlog
e:\projects\contextswitch.v12 saisin22\contextswitch\debug\contextswitch.tlog\link-rc.read.1.tlog
e:\projects\contextswitch.v12 saisin22\contextswitch\debug\contextswitch.tlog\link-rc.write.1.tlog
e:\projects\contextswitch.v12 saisin22\contextswitch\debug\contextswitch.tlog\link.6456-cvtres.read.1.tlog
e:\projects\contextswitch.v12 saisin22\contextswitch\debug\contextswitch.tlog\link.6456-cvtres.write.1.tlog
e:\projects\contextswitch.v12 saisin22\contextswitch\debug\contextswitch.tlog\link.6456-rc.read.1.tlog
e:\projects\contextswitch.v12 saisin22\contextswitch\debug\contextswitch.tlog\link.6456-rc.write.1.tlog
e:\projects\contextswitch.v12 saisin22\contextswitch\debug\contextswitch.tlog\link.6456.read.1.tlog
e:\projects\contextswitch.v12 saisin22\contextswitch\debug\contextswitch.tlog\link.6456.write.1.tlog
e:\projects\contextswitch.v12 saisin22\contextswitch\debug\contextswitch.tlog\link.command.1.tlog
e:\projects\contextswitch.v12 saisin22\contextswitch\debug\contextswitch.tlog\link.read.1.tlog
e:\projects\contextswitch.v12 saisin22\contextswitch\debug\contextswitch.tlog\link.write.1.tlog
